2025-11-18T18:03:36.940+02:00  INFO 13268 --- [EmailMs] [restartedMain] com.mst.emailms.EmailMsApplication       : Starting EmailMsApplication using Java 25 with PID 13268 (C:\Users\Enter\IdeaProjects\EmailMs\target\classes started by Enter in C:\Users\Enter\IdeaProjects\EmailMs)
2025-11-18T18:03:36.947+02:00  INFO 13268 --- [EmailMs] [restartedMain] com.mst.emailms.EmailMsApplication       : No active profile set, falling back to 1 default profile: "default"
2025-11-18T18:03:37.022+02:00  INFO 13268 --- [EmailMs] [restartedMain] .e.DevToolsPropertyDefaultsPostProcessor : Devtools property defaults active! Set 'spring.devtools.add-properties' to 'false' to disable
2025-11-18T18:03:37.023+02:00  INFO 13268 --- [EmailMs] [restartedMain] .e.DevToolsPropertyDefaultsPostProcessor : For additional web related logging consider setting the 'logging.level.web' property to 'DEBUG'
2025-11-18T18:03:38.220+02:00  INFO 13268 --- [EmailMs] [restartedMain] .s.d.r.c.RepositoryConfigurationDelegate : Bootstrapping Spring Data JPA repositories in DEFAULT mode.
2025-11-18T18:03:38.237+02:00  INFO 13268 --- [EmailMs] [restartedMain] .s.d.r.c.RepositoryConfigurationDelegate : Finished Spring Data repository scanning in 10 ms. Found 0 JPA repository interfaces.
2025-11-18T18:03:38.659+02:00  INFO 13268 --- [EmailMs] [restartedMain] o.s.b.w.embedded.tomcat.TomcatWebServer  : Tomcat initialized with port 8084 (http)
2025-11-18T18:03:38.673+02:00  INFO 13268 --- [EmailMs] [restartedMain] o.apache.catalina.core.StandardService   : Starting service [Tomcat]
2025-11-18T18:03:38.673+02:00  INFO 13268 --- [EmailMs] [restartedMain] o.apache.catalina.core.StandardEngine    : Starting Servlet engine: [Apache Tomcat/10.1.48]
2025-11-18T18:03:38.716+02:00  INFO 13268 --- [EmailMs] [restartedMain] o.a.c.c.C.[Tomcat].[localhost].[/]       : Initializing Spring embedded WebApplicationContext
2025-11-18T18:03:38.716+02:00  INFO 13268 --- [EmailMs] [restartedMain] w.s.c.ServletWebServerApplicationContext : Root WebApplicationContext: initialization completed in 1692 ms
2025-11-18T18:03:38.844+02:00  WARN 13268 --- [EmailMs] [restartedMain] ConfigServletWebServerApplicationContext : Exception encountered during context initialization - cancelling refresh attempt: org.springframework.beans.factory.BeanCreationException: Error creating bean with name 'entityManagerFactory' defined in class path resource [org/springframework/boot/autoconfigure/orm/jpa/HibernateJpaConfiguration.class]: Failed to initialize dependency 'dataSourceScriptDatabaseInitializer' of LoadTimeWeaverAware bean 'entityManagerFactory': Error creating bean with name 'dataSourceScriptDatabaseInitializer' defined in class path resource [org/springframework/boot/autoconfigure/sql/init/DataSourceInitializationConfiguration.class]: Unsatisfied dependency expressed through method 'dataSourceScriptDatabaseInitializer' parameter 0: Error creating bean with name 'dataSource' defined in class path resource [org/springframework/boot/autoconfigure/jdbc/DataSourceConfiguration$Hikari.class]: Failed to instantiate [com.zaxxer.hikari.HikariDataSource]: Factory method 'dataSource' threw exception with message: Failed to determine a suitable driver class
2025-11-18T18:03:38.846+02:00  INFO 13268 --- [EmailMs] [restartedMain] o.apache.catalina.core.StandardService   : Stopping service [Tomcat]
2025-11-18T18:03:38.868+02:00  INFO 13268 --- [EmailMs] [restartedMain] .s.b.a.l.ConditionEvaluationReportLogger : 

Error starting ApplicationContext. To display the condition evaluation report re-run your application with 'debug' enabled.
2025-11-18T18:03:38.885+02:00 ERROR 13268 --- [EmailMs] [restartedMain] o.s.b.d.LoggingFailureAnalysisReporter   : 

***************************
APPLICATION FAILED TO START
***************************

Description:

Failed to configure a DataSource: 'url' attribute is not specified and no embedded datasource could be configured.

Reason: Failed to determine a suitable driver class


Action:

Consider the following:
	If you want an embedded database (H2, HSQL or Derby), please put it on the classpath.
	If you have database settings to be loaded from a particular profile you may need to activate it (no profiles are currently active).

